# JRE version: OpenJDK Runtime Environment Temurin-17.0.7+7 (17.0.7+7) (build 17.0.7+7)
# Java VM: OpenJDK 64-Bit Server VM Temurin-17.0.7+7 (17.0.7+7, mixed mode, tiered, compressed oops, compressed class ptrs, parallel gc, windows-amd64)
GC Precious Log:
 CPUs: 8 total, 8 available
 Memory: 16211M
 Large Page Support: Disabled
 NUMA Support: Disabled
 Compressed Oops: Enabled (32-bit)
 Alignments: Space 512K, Generation 512K, Heap 2M
 Heap Min Capacity: 100M
 Heap Initial Capacity: 100M
 Heap Max Capacity: 1G
 Pre-touch: Disabled
 Parallel Workers: 8
Heap:
 PSYoungGen      total 18944K, used 15671K [0x00000000eab00000, 0x00000000ebf00000, 0x0000000100000000)
  eden space 17408K, 84% used [0x00000000eab00000,0x00000000eb961858,0x00000000ebc00000)
  from space 1536K, 61% used [0x00000000ebd80000,0x00000000ebe6c3e8,0x00000000ebf00000)
  to   space 1536K, 0% used [0x00000000ebc00000,0x00000000ebc00000,0x00000000ebd80000)
 ParOldGen       total 68608K, used 40359K [0x00000000c0000000, 0x00000000c4300000, 0x00000000eab00000)
  object space 68608K, 58% used [0x00000000c0000000,0x00000000c2769cf8,0x00000000c4300000)
 Metaspace       used 57227K, committed 58112K, reserved 1114112K
  class space    used 6310K, committed 6720K, reserved 1048576K
GC Heap History (20 events):
Event: 43.809 GC heap before
{Heap before GC invocations=21 (full 2):
 PSYoungGen      total 23552K, used 23285K [0x00000000eab00000, 0x00000000ec600000, 0x0000000100000000)
  eden space 21504K, 100% used [0x00000000eab00000,0x00000000ec000000,0x00000000ec000000)
  from space 2048K, 86% used [0x00000000ec400000,0x00000000ec5bd668,0x00000000ec600000)
  to   space 2560K, 0% used [0x00000000ec100000,0x00000000ec100000,0x00000000ec380000)
 ParOldGen       total 68608K, used 24059K [0x00000000c0000000, 0x00000000c4300000, 0x00000000eab00000)
  object space 68608K, 35% used [0x00000000c0000000,0x00000000c177ee68,0x00000000c4300000)
 Metaspace       used 53727K, committed 54400K, reserved 1114112K
  class space    used 5903K, committed 6208K, reserved 1048576K
}
Event: 43.815 GC heap after
{Heap after GC invocations=21 (full 2):
 PSYoungGen      total 23552K, used 1712K [0x00000000eab00000, 0x00000000ec480000, 0x0000000100000000)
  eden space 21504K, 0% used [0x00000000eab00000,0x00000000eab00000,0x00000000ec000000)
  from space 2048K, 83% used [0x00000000ec100000,0x00000000ec2ac030,0x00000000ec300000)
  to   space 1536K, 0% used [0x00000000ec300000,0x00000000ec300000,0x00000000ec480000)
 ParOldGen       total 68608K, used 25705K [0x00000000c0000000, 0x00000000c4300000, 0x00000000eab00000)
  object space 68608K, 37% used [0x00000000c0000000,0x00000000c191a6b8,0x00000000c4300000)
 Metaspace       used 53727K, committed 54400K, reserved 1114112K
  class space    used 5903K, committed 6208K, reserved 1048576K
}
Event: 44.147 GC heap before
{Heap before GC invocations=22 (full 2):
 PSYoungGen      total 23552K, used 23216K [0x00000000eab00000, 0x00000000ec480000, 0x0000000100000000)
  eden space 21504K, 100% used [0x00000000eab00000,0x00000000ec000000,0x00000000ec000000)
  from space 2048K, 83% used [0x00000000ec100000,0x00000000ec2ac030,0x00000000ec300000)
  to   space 1536K, 0% used [0x00000000ec300000,0x00000000ec300000,0x00000000ec480000)
 ParOldGen       total 68608K, used 25705K [0x00000000c0000000, 0x00000000c4300000, 0x00000000eab00000)
  object space 68608K, 37% used [0x00000000c0000000,0x00000000c191a6b8,0x00000000c4300000)
 Metaspace       used 54206K, committed 54976K, reserved 1114112K
  class space    used 5967K, committed 6336K, reserved 1048576K
}
Event: 44.152 GC heap after
{Heap after GC invocations=22 (full 2):
 PSYoungGen      total 21504K, used 1504K [0x00000000eab00000, 0x00000000ec900000, 0x0000000100000000)
  eden space 19968K, 0% used [0x00000000eab00000,0x00000000eab00000,0x00000000ebe80000)
  from space 1536K, 97% used [0x00000000ec300000,0x00000000ec478010,0x00000000ec480000)
  to   space 4608K, 0% used [0x00000000ebe80000,0x00000000ebe80000,0x00000000ec300000)
 ParOldGen       total 68608K, used 28113K [0x00000000c0000000, 0x00000000c4300000, 0x00000000eab00000)
  object space 68608K, 40% used [0x00000000c0000000,0x00000000c1b74708,0x00000000c4300000)
 Metaspace       used 54206K, committed 54976K, reserved 1114112K
  class space    used 5967K, committed 6336K, reserved 1048576K
}
Event: 44.435 GC heap before
{Heap before GC invocations=23 (full 2):
 PSYoungGen      total 21504K, used 21472K [0x00000000eab00000, 0x00000000ec900000, 0x0000000100000000)
  eden space 19968K, 100% used [0x00000000eab00000,0x00000000ebe80000,0x00000000ebe80000)
  from space 1536K, 97% used [0x00000000ec300000,0x00000000ec478010,0x00000000ec480000)
  to   space 4608K, 0% used [0x00000000ebe80000,0x00000000ebe80000,0x00000000ec300000)
 ParOldGen       total 68608K, used 28113K [0x00000000c0000000, 0x00000000c4300000, 0x00000000eab00000)
  object space 68608K, 40% used [0x00000000c0000000,0x00000000c1b74708,0x00000000c4300000)
 Metaspace       used 54325K, committed 55040K, reserved 1114112K
  class space    used 5982K, committed 6336K, reserved 1048576K
}
Event: 44.438 GC heap after
{Heap after GC invocations=23 (full 2):
 PSYoungGen      total 22016K, used 1664K [0x00000000eab00000, 0x00000000ec380000, 0x0000000100000000)
  eden space 19968K, 0% used [0x00000000eab00000,0x00000000eab00000,0x00000000ebe80000)
  from space 2048K, 81% used [0x00000000ebe80000,0x00000000ec020000,0x00000000ec080000)
  to   space 2560K, 0% used [0x00000000ec100000,0x00000000ec100000,0x00000000ec380000)
 ParOldGen       total 68608K, used 29597K [0x00000000c0000000, 0x00000000c4300000, 0x00000000eab00000)
  object space 68608K, 43% used [0x00000000c0000000,0x00000000c1ce77b0,0x00000000c4300000)
 Metaspace       used 54325K, committed 55040K, reserved 1114112K
  class space    used 5982K, committed 6336K, reserved 1048576K
}
Event: 44.578 GC heap before
{Heap before GC invocations=24 (full 2):
 PSYoungGen      total 22016K, used 21632K [0x00000000eab00000, 0x00000000ec380000, 0x0000000100000000)
  eden space 19968K, 100% used [0x00000000eab00000,0x00000000ebe80000,0x00000000ebe80000)
  from space 2048K, 81% used [0x00000000ebe80000,0x00000000ec020000,0x00000000ec080000)
  to   space 2560K, 0% used [0x00000000ec100000,0x00000000ec100000,0x00000000ec380000)
 ParOldGen       total 68608K, used 29597K [0x00000000c0000000, 0x00000000c4300000, 0x00000000eab00000)
  object space 68608K, 43% used [0x00000000c0000000,0x00000000c1ce77b0,0x00000000c4300000)
 Metaspace       used 54375K, committed 55168K, reserved 1114112K
  class space    used 5993K, committed 6336K, reserved 1048576K
}
Event: 44.581 GC heap after
{Heap after GC invocations=24 (full 2):
 PSYoungGen      total 22528K, used 2304K [0x00000000eab00000, 0x00000000ec380000, 0x0000000100000000)
  eden space 19968K, 0% used [0x00000000eab00000,0x00000000eab00000,0x00000000ebe80000)
  from space 2560K, 90% used [0x00000000ec100000,0x00000000ec340020,0x00000000ec380000)
  to   space 2560K, 0% used [0x00000000ebe80000,0x00000000ebe80000,0x00000000ec100000)
 ParOldGen       total 68608K, used 31125K [0x00000000c0000000, 0x00000000c4300000, 0x00000000eab00000)
  object space 68608K, 45% used [0x00000000c0000000,0x00000000c1e657b0,0x00000000c4300000)
 Metaspace       used 54375K, committed 55168K, reserved 1114112K
  class space    used 5993K, committed 6336K, reserved 1048576K
}
Event: 44.667 GC heap before
{Heap before GC invocations=25 (full 2):
 PSYoungGen      total 22528K, used 22272K [0x00000000eab00000, 0x00000000ec380000, 0x0000000100000000)
  eden space 19968K, 100% used [0x00000000eab00000,0x00000000ebe80000,0x00000000ebe80000)
  from space 2560K, 90% used [0x00000000ec100000,0x00000000ec340020,0x00000000ec380000)
  to   space 2560K, 0% used [0x00000000ebe80000,0x00000000ebe80000,0x00000000ec100000)
 ParOldGen       total 68608K, used 31125K [0x00000000c0000000, 0x00000000c4300000, 0x00000000eab00000)
  object space 68608K, 45% used [0x00000000c0000000,0x00000000c1e657b0,0x00000000c4300000)
 Metaspace       used 54375K, committed 55168K, reserved 1114112K
  class space    used 5993K, committed 6336K, reserved 1048576K
}
Event: 44.671 GC heap after
{Heap after GC invocations=25 (full 2):
 PSYoungGen      total 22016K, used 1888K [0x00000000eab00000, 0x00000000ec280000, 0x0000000100000000)
  eden space 19968K, 0% used [0x00000000eab00000,0x00000000eab00000,0x00000000ebe80000)
  from space 2048K, 92% used [0x00000000ebe80000,0x00000000ec058000,0x00000000ec080000)
  to   space 2048K, 0% used [0x00000000ec080000,0x00000000ec080000,0x00000000ec280000)
 ParOldGen       total 68608K, used 33306K [0x00000000c0000000, 0x00000000c4300000, 0x00000000eab00000)
  object space 68608K, 48% used [0x00000000c0000000,0x00000000c2086840,0x00000000c4300000)
 Metaspace       used 54375K, committed 55168K, reserved 1114112K
  class space    used 5993K, committed 6336K, reserved 1048576K
}
Event: 44.830 GC heap before
{Heap before GC invocations=26 (full 2):
 PSYoungGen      total 22016K, used 21856K [0x00000000eab00000, 0x00000000ec280000, 0x0000000100000000)
  eden space 19968K, 100% used [0x00000000eab00000,0x00000000ebe80000,0x00000000ebe80000)
  from space 2048K, 92% used [0x00000000ebe80000,0x00000000ec058000,0x00000000ec080000)
  to   space 2048K, 0% used [0x00000000ec080000,0x00000000ec080000,0x00000000ec280000)
 ParOldGen       total 68608K, used 33306K [0x00000000c0000000, 0x00000000c4300000, 0x00000000eab00000)
  object space 68608K, 48% used [0x00000000c0000000,0x00000000c2086840,0x00000000c4300000)
 Metaspace       used 54375K, committed 55168K, reserved 1114112K
  class space    used 5993K, committed 6336K, reserved 1048576K
}
Event: 44.834 GC heap after
{Heap after GC invocations=26 (full 2):
 PSYoungGen      total 19456K, used 2016K [0x00000000eab00000, 0x00000000ec780000, 0x0000000100000000)
  eden space 17408K, 0% used [0x00000000eab00000,0x00000000eab00000,0x00000000ebc00000)
  from space 2048K, 98% used [0x00000000ec080000,0x00000000ec278010,0x00000000ec280000)
  to   space 4608K, 0% used [0x00000000ebc00000,0x00000000ebc00000,0x00000000ec080000)
 ParOldGen       total 68608K, used 35130K [0x00000000c0000000, 0x00000000c4300000, 0x00000000eab00000)
  object space 68608K, 51% used [0x00000000c0000000,0x00000000c224e840,0x00000000c4300000)
 Metaspace       used 54375K, committed 55168K, reserved 1114112K
  class space    used 5993K, committed 6336K, reserved 1048576K
}
Event: 44.913 GC heap before
{Heap before GC invocations=27 (full 2):
 PSYoungGen      total 19456K, used 19424K [0x00000000eab00000, 0x00000000ec780000, 0x0000000100000000)
  eden space 17408K, 100% used [0x00000000eab00000,0x00000000ebc00000,0x00000000ebc00000)
  from space 2048K, 98% used [0x00000000ec080000,0x00000000ec278010,0x00000000ec280000)
  to   space 4608K, 0% used [0x00000000ebc00000,0x00000000ebc00000,0x00000000ec080000)
 ParOldGen       total 68608K, used 35130K [0x00000000c0000000, 0x00000000c4300000, 0x00000000eab00000)
  object space 68608K, 51% used [0x00000000c0000000,0x00000000c224e840,0x00000000c4300000)
 Metaspace       used 54376K, committed 55168K, reserved 1114112K
  class space    used 5993K, committed 6336K, reserved 1048576K
}
Event: 44.917 GC heap after
{Heap after GC invocations=27 (full 2):
 PSYoungGen      total 19456K, used 1568K [0x00000000eab00000, 0x00000000ec100000, 0x0000000100000000)
  eden space 17408K, 0% used [0x00000000eab00000,0x00000000eab00000,0x00000000ebc00000)
  from space 2048K, 76% used [0x00000000ebc00000,0x00000000ebd88000,0x00000000ebe00000)
  to   space 2560K, 0% used [0x00000000ebe80000,0x00000000ebe80000,0x00000000ec100000)
 ParOldGen       total 68608K, used 37154K [0x00000000c0000000, 0x00000000c4300000, 0x00000000eab00000)
  object space 68608K, 54% used [0x00000000c0000000,0x00000000c2448850,0x00000000c4300000)
 Metaspace       used 54376K, committed 55168K, reserved 1114112K
  class space    used 5993K, committed 6336K, reserved 1048576K
}
Event: 46.732 GC heap before
{Heap before GC invocations=28 (full 2):
 PSYoungGen      total 19456K, used 18976K [0x00000000eab00000, 0x00000000ec100000, 0x0000000100000000)
  eden space 17408K, 100% used [0x00000000eab00000,0x00000000ebc00000,0x00000000ebc00000)
  from space 2048K, 76% used [0x00000000ebc00000,0x00000000ebd88000,0x00000000ebe00000)
  to   space 2560K, 0% used [0x00000000ebe80000,0x00000000ebe80000,0x00000000ec100000)
 ParOldGen       total 68608K, used 37154K [0x00000000c0000000, 0x00000000c4300000, 0x00000000eab00000)
  object space 68608K, 54% used [0x00000000c0000000,0x00000000c2448850,0x00000000c4300000)
 Metaspace       used 54763K, committed 55552K, reserved 1114112K
  class space    used 6009K, committed 6336K, reserved 1048576K
}
Event: 46.736 GC heap after
{Heap after GC invocations=28 (full 2):
 PSYoungGen      total 19456K, used 1751K [0x00000000eab00000, 0x00000000ec080000, 0x0000000100000000)
  eden space 17408K, 0% used [0x00000000eab00000,0x00000000eab00000,0x00000000ebc00000)
  from space 2048K, 85% used [0x00000000ebe80000,0x00000000ec035cb8,0x00000000ec080000)
  to   space 2048K, 0% used [0x00000000ebc00000,0x00000000ebc00000,0x00000000ebe00000)
 ParOldGen       total 68608K, used 38584K [0x00000000c0000000, 0x00000000c4300000, 0x00000000eab00000)
  object space 68608K, 56% used [0x00000000c0000000,0x00000000c25ae0d0,0x00000000c4300000)
 Metaspace       used 54763K, committed 55552K, reserved 1114112K
  class space    used 6009K, committed 6336K, reserved 1048576K
}
Event: 53.246 GC heap before
{Heap before GC invocations=29 (full 2):
 PSYoungGen      total 19456K, used 19159K [0x00000000eab00000, 0x00000000ec080000, 0x0000000100000000)
  eden space 17408K, 100% used [0x00000000eab00000,0x00000000ebc00000,0x00000000ebc00000)
  from space 2048K, 85% used [0x00000000ebe80000,0x00000000ec035cb8,0x00000000ec080000)
  to   space 2048K, 0% used [0x00000000ebc00000,0x00000000ebc00000,0x00000000ebe00000)
 ParOldGen       total 68608K, used 38584K [0x00000000c0000000, 0x00000000c4300000, 0x00000000eab00000)
  object space 68608K, 56% used [0x00000000c0000000,0x00000000c25ae0d0,0x00000000c4300000)
 Metaspace       used 56189K, committed 56960K, reserved 1114112K
  class space    used 6226K, committed 6592K, reserved 1048576K
}
Event: 53.249 GC heap after
{Heap after GC invocations=29 (full 2):
 PSYoungGen      total 18944K, used 1232K [0x00000000eab00000, 0x00000000ebf00000, 0x0000000100000000)
  eden space 17408K, 0% used [0x00000000eab00000,0x00000000eab00000,0x00000000ebc00000)
  from space 1536K, 80% used [0x00000000ebc00000,0x00000000ebd34090,0x00000000ebd80000)
  to   space 1536K, 0% used [0x00000000ebd80000,0x00000000ebd80000,0x00000000ebf00000)
 ParOldGen       total 68608K, used 40021K [0x00000000c0000000, 0x00000000c4300000, 0x00000000eab00000)
  object space 68608K, 58% used [0x00000000c0000000,0x00000000c2715428,0x00000000c4300000)
 Metaspace       used 56189K, committed 56960K, reserved 1114112K
  class space    used 6226K, committed 6592K, reserved 1048576K
}
Event: 73.062 GC heap before
{Heap before GC invocations=30 (full 2):
 PSYoungGen      total 18944K, used 18639K [0x00000000eab00000, 0x00000000ebf00000, 0x0000000100000000)
  eden space 17408K, 99% used [0x00000000eab00000,0x00000000ebbffb70,0x00000000ebc00000)
  from space 1536K, 80% used [0x00000000ebc00000,0x00000000ebd34090,0x00000000ebd80000)
  to   space 1536K, 0% used [0x00000000ebd80000,0x00000000ebd80000,0x00000000ebf00000)
 ParOldGen       total 68608K, used 40021K [0x00000000c0000000, 0x00000000c4300000, 0x00000000eab00000)
  object space 68608K, 58% used [0x00000000c0000000,0x00000000c2715428,0x00000000c4300000)
 Metaspace       used 57100K, committed 57920K, reserved 1114112K
  class space    used 6305K, committed 6656K, reserved 1048576K
}
Event: 73.064 GC heap after
{Heap after GC invocations=30 (full 2):
 PSYoungGen      total 18944K, used 944K [0x00000000eab00000, 0x00000000ebf00000, 0x0000000100000000)
  eden space 17408K, 0% used [0x00000000eab00000,0x00000000eab00000,0x00000000ebc00000)
  from space 1536K, 61% used [0x00000000ebd80000,0x00000000ebe6c3e8,0x00000000ebf00000)
  to   space 1536K, 0% used [0x00000000ebc00000,0x00000000ebc00000,0x00000000ebd80000)
 ParOldGen       total 68608K, used 40359K [0x00000000c0000000, 0x00000000c4300000, 0x00000000eab00000)
  object space 68608K, 58% used [0x00000000c0000000,0x00000000c2769cf8,0x00000000c4300000)
 Metaspace       used 57100K, committed 57920K, reserved 1114112K
  class space    used 6305K, committed 6656K, reserved 1048576K
}

